<?xml version="1.0" encoding="UTF-8"?>
<!-- Generated by org.testng.reporters.JUnitXMLReporter -->
<testsuite ignored="3" hostname="DESKTOP-FVNSSMO" failures="0" tests="1" name="Test" time="38.353" errors="0" timestamp="2024-08-25T23:12:29 IST">
  <testcase classname="AmazonTestcases.TestCases" name="TC06" time="12.778"/>
  <testcase classname="AmazonTestcases.TestCases" name="TC03" time="0.0">
    <ignored/>
  </testcase> <!-- TC03 -->
  <testcase classname="AmazonTestcases.TestCases" name="TC04" time="0.0">
    <ignored/>
  </testcase> <!-- TC04 -->
  <testcase classname="AmazonTestcases.TestCases" name="TC05" time="0.0">
    <ignored/>
  </testcase> <!-- TC05 -->
</testsuite> <!-- Test -->
